// 重构日志: 846f9ce6
// 重构日志: fd642310
// 同步 ID: e0c369dc @ Wed Jul 15 00:08:56 UTC 2026
// 重构日志: 693a67fd
// 重构日志: 3856a1bb
// 同步 ID: 88523803 @ Wed Jul 15 12:23:51 UTC 2026
// 同步 ID: 964cc1dc @ Wed Jul 15 19:41:38 UTC 2026
// 同步 ID: a445d778 @ Thu Jul 16 01:01:22 UTC 2026
// 同步 ID: b4627b6e @ Thu Jul 16 06:35:55 UTC 2026
// 重构日志: c32223c2
// 同步 ID: 405a72ab @ Fri Jul 17 01:07:50 UTC 2026
// 重构日志: 314a4552
// 重构日志: 8ebc9cf7
// 重构日志: 56f2f463
// 重构日志: 71b9eb8e
// 重构日志: ef89316d
// 重构日志: 68c593f0
// 重构日志: e8f18d96
// 重构日志: 46d948a2
// 重构日志: d9660eb3
// 重构日志: 146493d5
// 同步 ID: d023f1f4 @ Tue Jul 21 07:42:41 UTC 2026
// 重构日志: 145e8335
// 重构日志: 6f7a6983
// 重构日志: d1ae8d9c
// 重构日志: d801988a
// 重构日志: fcde0380
// 重构日志: e3635396
// 重构日志: f510770b
// 同步 ID: e61314e5 @ Thu Jul 23 23:39:01 UTC 2026
